<?xml version="1.0" encoding="UTF-8"?>
<testng-results ignored="0" total="4" passed="4" failed="0" skipped="0">
  <reporter-output>
  </reporter-output>
  <suite started-at="2025-02-11T23:59:13 IST" name="Suite" finished-at="2025-02-11T23:59:37 IST" duration-ms="23879">
    <groups>
      <group name="Master">
        <method signature="TC002_loginTest.verify_login()[pri:0, instance:testCases.TC002_loginTest@3568f9d2]" name="verify_login" class="testCases.TC002_loginTest"/>
        <method signature="TTC001_accountRegistrationTest.verify_account_registration()[pri:0, instance:testCases.TTC001_accountRegistrationTest@403f0a22]" name="verify_account_registration" class="testCases.TTC001_accountRegistrationTest"/>
        <method signature="TC002_loginTest.verify_login()[pri:0, instance:testCases.TC002_loginTest@17aad511]" name="verify_login" class="testCases.TC002_loginTest"/>
        <method signature="TTC001_accountRegistrationTest.verify_account_registration()[pri:0, instance:testCases.TTC001_accountRegistrationTest@7502291e]" name="verify_account_registration" class="testCases.TTC001_accountRegistrationTest"/>
      </group> <!-- Master -->
      <group name="Sanity">
        <method signature="TTC001_accountRegistrationTest.verify_account_registration()[pri:0, instance:testCases.TTC001_accountRegistrationTest@403f0a22]" name="verify_account_registration" class="testCases.TTC001_accountRegistrationTest"/>
        <method signature="TTC001_accountRegistrationTest.verify_account_registration()[pri:0, instance:testCases.TTC001_accountRegistrationTest@7502291e]" name="verify_account_registration" class="testCases.TTC001_accountRegistrationTest"/>
      </group> <!-- Sanity -->
      <group name="Regression">
        <method signature="TC002_loginTest.verify_login()[pri:0, instance:testCases.TC002_loginTest@3568f9d2]" name="verify_login" class="testCases.TC002_loginTest"/>
        <method signature="TC002_loginTest.verify_login()[pri:0, instance:testCases.TC002_loginTest@17aad511]" name="verify_login" class="testCases.TC002_loginTest"/>
      </group> <!-- Regression -->
    </groups>
    <test started-at="2025-02-11T23:59:13 IST" name="Test" finished-at="2025-02-11T23:59:28 IST" duration-ms="14556">
      <class name="testCases.TC002_loginTest">
        <test-method is-config="true" signature="setup(java.lang.String,java.lang.String)[pri:0, instance:testCases.TC002_loginTest@3568f9d2]" started-at="2025-02-11T23:59:21 IST" name="setup" finished-at="2025-02-11T23:59:25 IST" duration-ms="4145" status="PASS">
          <params>
            <param index="0">
              <value>
                <![CDATA[linux]]>
              </value>
            </param>
            <param index="1">
              <value>
                <![CDATA[firefox]]>
              </value>
            </param>
          </params>
          <reporter-output>
          </reporter-output>
        </test-method> <!-- setup -->
        <test-method signature="verify_login()[pri:0, instance:testCases.TC002_loginTest@3568f9d2]" started-at="2025-02-11T23:59:25 IST" name="verify_login" finished-at="2025-02-11T23:59:27 IST" duration-ms="1571" status="PASS">
          <reporter-output>
          </reporter-output>
        </test-method> <!-- verify_login -->
        <test-method is-config="true" signature="teardown()[pri:0, instance:testCases.TC002_loginTest@3568f9d2]" started-at="2025-02-11T23:59:27 IST" name="teardown" finished-at="2025-02-11T23:59:28 IST" duration-ms="893" status="PASS">
          <reporter-output>
          </reporter-output>
        </test-method> <!-- teardown -->
      </class> <!-- testCases.TC002_loginTest -->
      <class name="testCases.TTC001_accountRegistrationTest">
        <test-method is-config="true" signature="setup(java.lang.String,java.lang.String)[pri:0, instance:testCases.TTC001_accountRegistrationTest@403f0a22]" started-at="2025-02-11T23:59:13 IST" name="setup" finished-at="2025-02-11T23:59:18 IST" duration-ms="4692" status="PASS">
          <params>
            <param index="0">
              <value>
                <![CDATA[linux]]>
              </value>
            </param>
            <param index="1">
              <value>
                <![CDATA[firefox]]>
              </value>
            </param>
          </params>
          <reporter-output>
          </reporter-output>
        </test-method> <!-- setup -->
        <test-method signature="verify_account_registration()[pri:0, instance:testCases.TTC001_accountRegistrationTest@403f0a22]" started-at="2025-02-11T23:59:18 IST" name="verify_account_registration" finished-at="2025-02-11T23:59:20 IST" duration-ms="2221" status="PASS">
          <reporter-output>
          </reporter-output>
        </test-method> <!-- verify_account_registration -->
        <test-method is-config="true" signature="teardown()[pri:0, instance:testCases.TTC001_accountRegistrationTest@403f0a22]" started-at="2025-02-11T23:59:20 IST" name="teardown" finished-at="2025-02-11T23:59:21 IST" duration-ms="796" status="PASS">
          <reporter-output>
          </reporter-output>
        </test-method> <!-- teardown -->
      </class> <!-- testCases.TTC001_accountRegistrationTest -->
    </test> <!-- Test -->
    <test started-at="2025-02-11T23:59:29 IST" name="Test chrome" finished-at="2025-02-11T23:59:37 IST" duration-ms="8505">
      <class name="testCases.TC002_loginTest">
        <test-method is-config="true" signature="setup(java.lang.String,java.lang.String)[pri:0, instance:testCases.TC002_loginTest@17aad511]" started-at="2025-02-11T23:59:33 IST" name="setup" finished-at="2025-02-11T23:59:35 IST" duration-ms="2223" status="PASS">
          <params>
            <param index="0">
              <value>
                <![CDATA[linux]]>
              </value>
            </param>
            <param index="1">
              <value>
                <![CDATA[chrome]]>
              </value>
            </param>
          </params>
          <reporter-output>
          </reporter-output>
        </test-method> <!-- setup -->
        <test-method signature="verify_login()[pri:0, instance:testCases.TC002_loginTest@17aad511]" started-at="2025-02-11T23:59:35 IST" name="verify_login" finished-at="2025-02-11T23:59:37 IST" duration-ms="1576" status="PASS">
          <reporter-output>
          </reporter-output>
        </test-method> <!-- verify_login -->
        <test-method is-config="true" signature="teardown()[pri:0, instance:testCases.TC002_loginTest@17aad511]" started-at="2025-02-11T23:59:37 IST" name="teardown" finished-at="2025-02-11T23:59:37 IST" duration-ms="82" status="PASS">
          <reporter-output>
          </reporter-output>
        </test-method> <!-- teardown -->
      </class> <!-- testCases.TC002_loginTest -->
      <class name="testCases.TTC001_accountRegistrationTest">
        <test-method is-config="true" signature="setup(java.lang.String,java.lang.String)[pri:0, instance:testCases.TTC001_accountRegistrationTest@7502291e]" started-at="2025-02-11T23:59:29 IST" name="setup" finished-at="2025-02-11T23:59:31 IST" duration-ms="2292" status="PASS">
          <params>
            <param index="0">
              <value>
                <![CDATA[linux]]>
              </value>
            </param>
            <param index="1">
              <value>
                <![CDATA[chrome]]>
              </value>
            </param>
          </params>
          <reporter-output>
          </reporter-output>
        </test-method> <!-- setup -->
        <test-method signature="verify_account_registration()[pri:0, instance:testCases.TTC001_accountRegistrationTest@7502291e]" started-at="2025-02-11T23:59:31 IST" name="verify_account_registration" finished-at="2025-02-11T23:59:33 IST" duration-ms="2241" status="PASS">
          <reporter-output>
          </reporter-output>
        </test-method> <!-- verify_account_registration -->
        <test-method is-config="true" signature="teardown()[pri:0, instance:testCases.TTC001_accountRegistrationTest@7502291e]" started-at="2025-02-11T23:59:33 IST" name="teardown" finished-at="2025-02-11T23:59:33 IST" duration-ms="84" status="PASS">
          <reporter-output>
          </reporter-output>
        </test-method> <!-- teardown -->
      </class> <!-- testCases.TTC001_accountRegistrationTest -->
    </test> <!-- Test chrome -->
  </suite> <!-- Suite -->
</testng-results>
